<?xml version="1.0" encoding="UTF-8"?>
<!-- Generated by org.testng.reporters.JUnitReportReporter -->
<testsuite hostname="CPC-sthot-WFR7W" failures="0" tests="2" name="SeleniumFramework.Ecommerce.LoginintoApplication" time="54.577" errors="0" timestamp="01 Nov 2024 14:08:50 GMT" skipped="0">
  <testcase classname="SeleniumFramework.Ecommerce.LoginintoApplication" name="applicationStart" time="24.669"/>
  <testcase classname="SeleniumFramework.Ecommerce.LoginintoApplication" name="applicationStart" time="29.908"/>
</testsuite> <!-- SeleniumFramework.Ecommerce.LoginintoApplication -->
